<?xml version="1.0" encoding="UTF-8"?>
<!-- Generated by org.testng.reporters.JUnitReportReporter -->
<testsuite hostname="DESKTOP-V55EBNI" failures="0" tests="1" name="tests.AutomationRun" time="94.577" errors="0" timestamp="2022-03-24T19:57:51 BDT" skipped="0">
  <testcase classname="tests.AutomationRun" name="loginTest" time="94.577"/>
  <system-out/>
</testsuite> <!-- tests.AutomationRun -->
